c:\users\greg\documents\visual studio 2005\projects\devicedmp\devicedmp\debug\devicedmp.pch
c:\users\greg\documents\visual studio 2005\projects\devicedmp\devicedmp\debug\stdafx.obj
c:\users\greg\documents\visual studio 2005\projects\devicedmp\devicedmp\debug\vc100.pdb
c:\users\greg\documents\visual studio 2005\projects\devicedmp\devicedmp\debug\devicedmp.obj
c:\users\greg\documents\visual studio 2005\projects\devicedmp\devicedmp\debug\devicedmpdlg.obj
c:\users\greg\documents\visual studio 2005\projects\devicedmp\debug\devicedmp.ilk
c:\users\greg\documents\visual studio 2005\projects\devicedmp\debug\devicedmp.exe
c:\users\greg\documents\visual studio 2005\projects\devicedmp\devicedmp\debug\devicedmp.exe.intermediate.manifest
c:\users\greg\documents\visual studio 2005\projects\devicedmp\debug\devicedmp.pdb
c:\users\greg\documents\visual studio 2005\projects\devicedmp\devicedmp\debug\devicedmp.exe.embed.manifest
c:\users\greg\documents\visual studio 2005\projects\devicedmp\devicedmp\debug\devicedmp.exe.embed.manifest.res
c:\users\greg\documents\visual studio 2005\projects\devicedmp\devicedmp\debug\devicedmp.res
f:\work\devicedmp\devicedmp\debug\devicedmp.pch
f:\work\devicedmp\devicedmp\debug\vc120.pdb
f:\work\devicedmp\devicedmp\debug\vc120.idb
f:\work\devicedmp\devicedmp\debug\stdafx.obj
f:\work\devicedmp\devicedmp\debug\devicedmp.obj
f:\work\devicedmp\devicedmp\debug\devicedmpdlg.obj
f:\work\devicedmp\devicedmp\debug\devicedmp.res
f:\work\devicedmp\devicedmp\debug\cl.command.1.tlog
f:\work\devicedmp\devicedmp\debug\cl.read.1.tlog
f:\work\devicedmp\devicedmp\debug\cl.write.1.tlog
f:\work\devicedmp\devicedmp\debug\link-cvtres.read.1.tlog
f:\work\devicedmp\devicedmp\debug\link-cvtres.write.1.tlog
f:\work\devicedmp\devicedmp\debug\link.2120-cvtres.read.1.tlog
f:\work\devicedmp\devicedmp\debug\link.2120-cvtres.write.1.tlog
f:\work\devicedmp\devicedmp\debug\link.2120.read.1.tlog
f:\work\devicedmp\devicedmp\debug\link.2120.write.1.tlog
f:\work\devicedmp\devicedmp\debug\link.3484-cvtres.read.1.tlog
f:\work\devicedmp\devicedmp\debug\link.3484-cvtres.write.1.tlog
f:\work\devicedmp\devicedmp\debug\link.3484.read.1.tlog
f:\work\devicedmp\devicedmp\debug\link.3484.write.1.tlog
f:\work\devicedmp\devicedmp\debug\link.5188-cvtres.read.1.tlog
f:\work\devicedmp\devicedmp\debug\link.5188-cvtres.write.1.tlog
f:\work\devicedmp\devicedmp\debug\link.5188.read.1.tlog
f:\work\devicedmp\devicedmp\debug\link.5188.write.1.tlog
f:\work\devicedmp\devicedmp\debug\link.5280-cvtres.read.1.tlog
f:\work\devicedmp\devicedmp\debug\link.5280-cvtres.write.1.tlog
f:\work\devicedmp\devicedmp\debug\link.5280.read.1.tlog
f:\work\devicedmp\devicedmp\debug\link.5280.write.1.tlog
f:\work\devicedmp\devicedmp\debug\link.5304-cvtres.read.1.tlog
f:\work\devicedmp\devicedmp\debug\link.5304-cvtres.write.1.tlog
f:\work\devicedmp\devicedmp\debug\link.5304.read.1.tlog
f:\work\devicedmp\devicedmp\debug\link.5304.write.1.tlog
f:\work\devicedmp\devicedmp\debug\link.5952-cvtres.read.1.tlog
f:\work\devicedmp\devicedmp\debug\link.5952-cvtres.write.1.tlog
f:\work\devicedmp\devicedmp\debug\link.5952.read.1.tlog
f:\work\devicedmp\devicedmp\debug\link.5952.write.1.tlog
f:\work\devicedmp\devicedmp\debug\link.command.1.tlog
f:\work\devicedmp\devicedmp\debug\link.read.1.tlog
f:\work\devicedmp\devicedmp\debug\link.write.1.tlog
f:\work\devicedmp\devicedmp\debug\mt.command.1.tlog
f:\work\devicedmp\devicedmp\debug\mt.read.1.tlog
f:\work\devicedmp\devicedmp\debug\mt.write.1.tlog
f:\work\devicedmp\devicedmp\debug\rc.command.1.tlog
f:\work\devicedmp\devicedmp\debug\rc.read.1.tlog
f:\work\devicedmp\devicedmp\debug\rc.write.1.tlog
f:\work\devicedmp\devicedmp\debug\devicedmp.exe.embed.manifest
f:\work\devicedmp\devicedmp\debug\devicedmp.exe.intermediate.manifest
f:\work\devicedmp\devicedmp\debug\devicedmp.exe.embed.manifest.res
f:\work\devicedmp\devicedmp\debug\vc100.idb
f:\work\devicedmp\devicedmp\debug\vc100.pdb
f:\work\devicedmp\devicedmp\debug\devicedmp_manifest.rc
f:\work\devicedmp\debug\devicedmp.pdb
f:\work\devicedmp\devicedmp\debug\devicedmp.tlog\cl.command.1.tlog
f:\work\devicedmp\devicedmp\debug\devicedmp.tlog\cl.read.1.tlog
f:\work\devicedmp\devicedmp\debug\devicedmp.tlog\cl.write.1.tlog
f:\work\devicedmp\devicedmp\debug\devicedmp.tlog\link-cvtres.read.1.tlog
f:\work\devicedmp\devicedmp\debug\devicedmp.tlog\link-cvtres.write.1.tlog
f:\work\devicedmp\devicedmp\debug\devicedmp.tlog\link-mt.read.1.tlog
f:\work\devicedmp\devicedmp\debug\devicedmp.tlog\link-mt.write.1.tlog
f:\work\devicedmp\devicedmp\debug\devicedmp.tlog\link-rc.read.1.tlog
f:\work\devicedmp\devicedmp\debug\devicedmp.tlog\link-rc.write.1.tlog
f:\work\devicedmp\devicedmp\debug\devicedmp.tlog\link.command.1.tlog
f:\work\devicedmp\devicedmp\debug\devicedmp.tlog\link.read.1.tlog
f:\work\devicedmp\devicedmp\debug\devicedmp.tlog\link.write.1.tlog
f:\work\devicedmp\devicedmp\debug\devicedmp.tlog\rc.command.1.tlog
f:\work\devicedmp\devicedmp\debug\devicedmp.tlog\rc.read.1.tlog
f:\work\devicedmp\devicedmp\debug\devicedmp.tlog\rc.write.1.tlog
