Build started 4/5/2010 7:07:51 PM.
     1>Project "C:\Users\Greg\Documents\Visual Studio 2005\Projects\DeviceDmp\DeviceDmp\DeviceDmp.vcxproj" on node 3 (rebuild target(s)).
     1>_PrepareForClean:
         Deleting file "Debug\DeviceDmp.lastbuildstate".
       _PrepareForBuild:
         Touching "Debug\DeviceDmp.unsuccessfulbuild".
       ClCompile:
         C:\Program Files (x86)\Microsoft Visual Studio 10.0\VC\bin\CL.exe /c /ZI /nologo /W3 /WX- /Od /Oy- /D WIN32 /D _WINDOWS /D _DEBUG /D _MBCS /Gm /EHsc /RTC1 /MTd /GS /fp:precise /Zc:wchar_t /Zc:forScope /Yc"StdAfx.h" /Fp"Debug\DeviceDmp.pch" /Fo"Debug\\" /Fd"Debug\vc100.pdb" /Gd /TP /analyze- /errorReport:prompt stdafx.cpp
         stdafx.cpp
         C:\Program Files (x86)\Microsoft Visual Studio 10.0\VC\bin\CL.exe /c /ZI /nologo /W3 /WX- /Od /Oy- /D WIN32 /D _WINDOWS /D _DEBUG /D _MBCS /Gm /EHsc /RTC1 /MTd /GS /fp:precise /Zc:wchar_t /Zc:forScope /Yu"StdAfx.h" /Fp"Debug\DeviceDmp.pch" /Fo"Debug\\" /Fd"Debug\vc100.pdb" /Gd /TP /analyze- /errorReport:prompt DeviceDmp.cpp DeviceDmpDlg.cpp
         DeviceDmpDlg.cpp
     1>c:\users\greg\documents\visual studio 2005\projects\devicedmp\devicedmp\devicedmpdlg.cpp(316): warning C4996: 'strcat': This function or variable may be unsafe. Consider using strcat_s instead. To disable deprecation, use _CRT_SECURE_NO_WARNINGS. See online help for details.
                 c:\program files (x86)\microsoft visual studio 10.0\vc\include\string.h(77) : see declaration of 'strcat'
     1>c:\users\greg\documents\visual studio 2005\projects\devicedmp\devicedmp\devicedmpdlg.cpp(324): warning C4996: 'strcat': This function or variable may be unsafe. Consider using strcat_s instead. To disable deprecation, use _CRT_SECURE_NO_WARNINGS. See online help for details.
                 c:\program files (x86)\microsoft visual studio 10.0\vc\include\string.h(77) : see declaration of 'strcat'
     1>c:\users\greg\documents\visual studio 2005\projects\devicedmp\devicedmp\devicedmpdlg.cpp(332): warning C4996: 'strcat': This function or variable may be unsafe. Consider using strcat_s instead. To disable deprecation, use _CRT_SECURE_NO_WARNINGS. See online help for details.
                 c:\program files (x86)\microsoft visual studio 10.0\vc\include\string.h(77) : see declaration of 'strcat'
         DeviceDmp.cpp
         Generating Code...
       ResourceCompile:
         C:\Program Files (x86)\Microsoft SDKs\Windows\v7.0A\bin\rc.exe /D _DEBUG /l"0x0409" /IDebug\ /nologo /fo"Debug\DeviceDmp.res" DeviceDmp.rc 
       ManifestResourceCompile:
         C:\Program Files (x86)\Microsoft SDKs\Windows\v7.0A\bin\rc.exe /nologo /fo"Debug\DeviceDmp.exe.embed.manifest.res" Debug\DeviceDmp_manifest.rc 
       Link:
         C:\Program Files (x86)\Microsoft Visual Studio 10.0\VC\bin\link.exe /ERRORREPORT:PROMPT /OUT:"C:\Users\Greg\Documents\Visual Studio 2005\Projects\DeviceDmp\Debug\DeviceDmp.exe" /INCREMENTAL /NOLOGO Setupapi.lib /MANIFEST /ManifestFile:"Debug\DeviceDmp.exe.intermediate.manifest" /MANIFESTUAC:"level='asInvoker' uiAccess='false'" /DEBUG /PDB:"C:\Users\Greg\Documents\Visual Studio 2005\Projects\DeviceDmp\Debug\DeviceDmp.pdb" /SUBSYSTEM:WINDOWS /TLBID:1 /DYNAMICBASE /NXCOMPAT /IMPLIB:"C:\Users\Greg\Documents\Visual Studio 2005\Projects\DeviceDmp\Debug\DeviceDmp.lib" /MACHINE:X86 Debug\DeviceDmp.res
         Debug\DeviceDmp.obj
         Debug\DeviceDmpDlg.obj
         Debug\stdafx.obj
         Debug\DeviceDmp.exe.embed.manifest.res
       Manifest:
         C:\Program Files (x86)\Microsoft SDKs\Windows\v7.0A\bin\mt.exe /nologo /verbose /out:"Debug\DeviceDmp.exe.embed.manifest" /manifest Debug\DeviceDmp.exe.intermediate.manifest "C:\Program Files (x86)\Microsoft Visual Studio 10.0\VC\Include\Manifest\dpiaware.manifest"
         C:\Program Files (x86)\Microsoft SDKs\Windows\v7.0A\bin\rc.exe /nologo /fo"Debug\DeviceDmp.exe.embed.manifest.res" Debug\DeviceDmp_manifest.rc 
       LinkEmbedManifest:
         C:\Program Files (x86)\Microsoft Visual Studio 10.0\VC\bin\link.exe /ERRORREPORT:PROMPT /OUT:"C:\Users\Greg\Documents\Visual Studio 2005\Projects\DeviceDmp\Debug\DeviceDmp.exe" /INCREMENTAL /NOLOGO Setupapi.lib /MANIFEST /ManifestFile:"Debug\DeviceDmp.exe.intermediate.manifest" /MANIFESTUAC:"level='asInvoker' uiAccess='false'" /DEBUG /PDB:"C:\Users\Greg\Documents\Visual Studio 2005\Projects\DeviceDmp\Debug\DeviceDmp.pdb" /SUBSYSTEM:WINDOWS /TLBID:1 /DYNAMICBASE /NXCOMPAT /IMPLIB:"C:\Users\Greg\Documents\Visual Studio 2005\Projects\DeviceDmp\Debug\DeviceDmp.lib" /MACHINE:X86 Debug\DeviceDmp.res
         Debug\DeviceDmp.obj
         Debug\DeviceDmpDlg.obj
         Debug\stdafx.obj
         Debug\DeviceDmp.exe.embed.manifest.res
         DeviceDmp.vcxproj -> C:\Users\Greg\Documents\Visual Studio 2005\Projects\DeviceDmp\Debug\DeviceDmp.exe
       _AfterBuild:
         Deleting file "Debug\DeviceDmp.unsuccessfulbuild".
         Touching "Debug\DeviceDmp.lastbuildstate".
     1>Done Building Project "C:\Users\Greg\Documents\Visual Studio 2005\Projects\DeviceDmp\DeviceDmp\DeviceDmp.vcxproj" (rebuild target(s)).

Build succeeded.

Time Elapsed 00:00:16.21
